<?xml version="1.0" encoding="UTF-8"?>
<!-- Generated by org.testng.reporters.JUnitXMLReporter -->
<testsuite ignored="0" hostname="ASCINLAP61450" failures="0" tests="5" name="Test" time="242.199" errors="0" timestamp="2025-10-27T12:30:12 IST">
  <testcase classname="com.fry.test.SnapdealEndToEndCombinedTest" name="loginWithOTP" time="58.176"/>
  <testcase classname="com.fry.test.SnapdealEndToEndCombinedTest" name="addBluetoothSpeakerToCart" time="59.688"/>
  <testcase classname="com.fry.test.SnapdealEndToEndCombinedTest" name="addSportsShoesToCart" time="64.316"/>
  <testcase classname="com.fry.test.SnapdealEndToEndCombinedTest" name="verifyCartIsEmpty" time="31.211"/>
  <testcase classname="com.fry.test.SnapdealEndToEndCombinedTest" name="logout" time="8.472"/>
</testsuite> <!-- Test -->
