<?xml version="1.0" encoding="UTF-8"?>
<!-- Generated by org.testng.reporters.JUnitXMLReporter -->
<testsuite ignored="0" hostname="ASCINLAP61450" failures="0" tests="5" name="Default test" time="249.381" errors="0" timestamp="2025-10-30T13:10:43 IST">
  <testcase classname="com.fry.test.SnapdealEndToEndCombinedTest" name="loginWithOTP" time="62.081"/>
  <testcase classname="com.fry.test.SnapdealEndToEndCombinedTest" name="addBluetoothSpeakerToCart" time="63.409"/>
  <testcase classname="com.fry.test.SnapdealEndToEndCombinedTest" name="addSportsShoesToCart" time="62.166"/>
  <testcase classname="com.fry.test.SnapdealEndToEndCombinedTest" name="verifyCartIsEmpty" time="25.324"/>
  <testcase classname="com.fry.test.SnapdealEndToEndCombinedTest" name="logout" time="7.293"/>
</testsuite> <!-- Default test -->
