<?xml version="1.0" encoding="UTF-8"?>
<!-- Generated by org.testng.reporters.JUnitReportReporter -->
<testsuite hostname="ASCINLAP61450" failures="0" tests="5" name="com.fry.test.SnapdealEndToEndCombinedTest" time="249.312" errors="0" timestamp="2025-10-30T13:10:43 IST" skipped="0">
  <testcase classname="com.fry.test.SnapdealEndToEndCombinedTest" name="loginWithOTP" time="66.460"/>
  <testcase classname="com.fry.test.SnapdealEndToEndCombinedTest" name="addBluetoothSpeakerToCart" time="67.849"/>
  <testcase classname="com.fry.test.SnapdealEndToEndCombinedTest" name="addSportsShoesToCart" time="66.559"/>
  <testcase classname="com.fry.test.SnapdealEndToEndCombinedTest" name="verifyCartIsEmpty" time="35.961"/>
  <testcase classname="com.fry.test.SnapdealEndToEndCombinedTest" name="logout" time="12.483"/>
</testsuite> <!-- com.fry.test.SnapdealEndToEndCombinedTest -->
